<?xml version="1.0" encoding="UTF-8" ?>
<testsuite tests="7" failures="0" name="Test" time="1.501" errors="0" skipped="0">
  <properties>
[...]
</properties>
  <testcase classname="Test" name="fun1" time="0.227"/>
  <testcase classname="Test" name="fun2" time="0.051"/>
  <testcase classname="Test" name="fun3" time="0"/>
  <testcase classname="Test" name="fun4" time="0.004"/>
  <testcase classname="Test" name="fun5" time="0.001"/>
  <testcase classname="Test" name="fun6" time="0.001"/>
  <testcase classname="Test" name="fun7" time="1.217"/>
</testsuite>